<?xml version="1.0" encoding="UTF-8"?>
<robot generator="Robot 5.0.1 (Python 3.8.0 on win32)" generated="20220717 15:52:55.505" rpa="false" schemaversion="3">
<suite id="s1" name="Open" source="D:\Automation\mobile\Mobileautomationflightapp\open.robot">
<test id="s1-t1" name="User Should Be Able To See Homepage" line="10">
<kw name="Base.Open Flight Application" type="SETUP">
<msg timestamp="20220717 15:52:55.770" level="FAIL">No keyword with name 'Base.Open Flight Application' found.</msg>
<status status="FAIL" starttime="20220717 15:52:55.770" endtime="20220717 15:52:55.770"/>
</kw>
<kw name="Close Application" library="AppiumLibrary" type="TEARDOWN">
<doc>Closes the current application and also close webdriver session.</doc>
<kw name="Capture Page Screenshot" library="AppiumLibrary">
<doc>Takes a screenshot of the current page and embeds it into the log.</doc>
<msg timestamp="20220717 15:52:55.773" level="FAIL">No application is open</msg>
<status status="FAIL" starttime="20220717 15:52:55.771" endtime="20220717 15:52:55.781"/>
</kw>
<msg timestamp="20220717 15:52:55.782" level="WARN">Keyword 'Capture Page Screenshot' could not be run on failure: No application is open</msg>
<msg timestamp="20220717 15:52:55.784" level="FAIL">No application is open</msg>
<status status="FAIL" starttime="20220717 15:52:55.771" endtime="20220717 15:52:55.785">No application is open</status>
</kw>
<status status="FAIL" starttime="20220717 15:52:55.764" endtime="20220717 15:52:55.785">Setup failed:
No keyword with name 'Base.Open Flight Application' found.

Also teardown failed:
No application is open</status>
</test>
<doc>See Homepage Test Cases</doc>
<status status="FAIL" starttime="20220717 15:52:55.506" endtime="20220717 15:52:55.787"/>
</suite>
<statistics>
<total>
<stat pass="0" fail="1" skip="0">All Tests</stat>
</total>
<tag>
</tag>
<suite>
<stat pass="0" fail="1" skip="0" id="s1" name="Open">Open</stat>
</suite>
</statistics>
<errors>
<msg timestamp="20220717 15:52:55.758" level="ERROR">Error in file 'D:\Automation\mobile\Mobileautomationflightapp\open.robot' on line 4: Resource file '..\Pageobject\open.robot' does not exist.</msg>
<msg timestamp="20220717 15:52:55.761" level="ERROR">Error in file 'D:\Automation\mobile\Mobileautomationflightapp\open.robot' on line 5: Resource file '..\Pageobject\Base.robot' does not exist.</msg>
<msg timestamp="20220717 15:52:55.782" level="WARN">Keyword 'Capture Page Screenshot' could not be run on failure: No application is open</msg>
</errors>
</robot>
