<?xml version="1.0" encoding="UTF-8"?>
<robot generator="Robot 5.0.1 (Python 3.8.0 on win32)" generated="20220706 21:22:39.763" rpa="false" schemaversion="3">
<suite id="s1" name="Search" source="C:\Users\Wahyu Nugraha\Documents\mobile\Mobileflightapp\pageobject\search.robot">
<test id="s1-t1" name="user should be able to do an operation in Application" line="28">
<kw name="Open Flight Application">
<kw name="Open Application" library="AppiumLibrary">
<arg>${REMOTE_URL}</arg>
<arg>platformName=${PLATFORM_NAME}</arg>
<arg>platformVersion=${PLATFORM_VERSION}</arg>
<arg>deviceName=${DEVICE_NAME}</arg>
<arg>appActivity=${ACTIVITY_NAME}</arg>
<arg>appPackage=${PACKAGE_NAME}</arg>
<arg>automationName=UiAutomator2</arg>
<arg>newCommandTimeout=5000</arg>
<doc>Opens a new application to given Appium server.
Capabilities of appium server, Android and iOS,
Please check https://github.com/appium/appium/blob/master/docs/en/writing-running-appium/server-args.md
| *Option*            | *Man.* | *Description*     |
| remote_url          | Yes    | Appium server url |
| alias               | no     | alias             |</doc>
<status status="PASS" starttime="20220706 21:22:39.958" endtime="20220706 21:22:52.214"/>
</kw>
<status status="PASS" starttime="20220706 21:22:39.958" endtime="20220706 21:22:52.214"/>
</kw>
<kw name="Click Element" library="AppiumLibrary">
<arg>${sigin}</arg>
<doc>Click element identified by `locator`.</doc>
<msg timestamp="20220706 21:22:52.220" level="INFO">Clicking element 'xpath=/hierarchy/android.widget.FrameLayout/android.widget.LinearLayout/android.widget.FrameLayout/android.widget.LinearLayout/android.widget.FrameLayout/android.view.ViewGroup/android.widget.Button[1]'.</msg>
<status status="PASS" starttime="20220706 21:22:52.216" endtime="20220706 21:22:53.287"/>
</kw>
<kw name="Sleep" library="BuiltIn">
<arg>5s</arg>
<doc>Pauses the test executed for the given time.</doc>
<msg timestamp="20220706 21:22:58.290" level="INFO">Slept 5 seconds</msg>
<status status="PASS" starttime="20220706 21:22:53.288" endtime="20220706 21:22:58.290"/>
</kw>
<kw name="Input Text" library="AppiumLibrary">
<arg>${username}</arg>
<arg>${email}</arg>
<doc>Types the given `text` into text field identified by `locator`.</doc>
<msg timestamp="20220706 21:22:58.293" level="INFO">Typing text 'support@ngendigital.com' into text field 'xpath=/hierarchy/android.widget.FrameLayout/android.widget.LinearLayout/android.widget.FrameLayout/android.widget.LinearLayout/android.widget.FrameLayout/android.view.ViewGroup/android.widget.LinearLayout/android.widget.EditText[1]'</msg>
<status status="PASS" starttime="20220706 21:22:58.291" endtime="20220706 21:22:58.390"/>
</kw>
<kw name="Input Password" library="AppiumLibrary">
<arg>${password1}</arg>
<arg>${password}</arg>
<doc>Types the given password into text field identified by `locator`.</doc>
<msg timestamp="20220706 21:22:58.392" level="INFO">Typing password into text field 'com.example.myapplication:id/password'</msg>
<status status="PASS" starttime="20220706 21:22:58.390" endtime="20220706 21:22:58.949"/>
</kw>
<kw name="Click Element" library="AppiumLibrary">
<arg>${button_sigin}</arg>
<doc>Click element identified by `locator`.</doc>
<msg timestamp="20220706 21:22:58.958" level="INFO">Clicking element 'com.example.myapplication:id/signIn'.</msg>
<status status="PASS" starttime="20220706 21:22:58.954" endtime="20220706 21:22:59.504"/>
</kw>
<kw name="Sleep" library="BuiltIn">
<arg>5s</arg>
<doc>Pauses the test executed for the given time.</doc>
<msg timestamp="20220706 21:23:04.518" level="INFO">Slept 5 seconds</msg>
<status status="PASS" starttime="20220706 21:22:59.505" endtime="20220706 21:23:04.518"/>
</kw>
<kw name="Click Element" library="AppiumLibrary">
<arg>${search}</arg>
<doc>Click element identified by `locator`.</doc>
<msg timestamp="20220706 21:23:04.521" level="INFO">Clicking element 'com.example.myapplication:id/search_flight'.</msg>
<status status="PASS" starttime="20220706 21:23:04.519" endtime="20220706 21:23:04.603"/>
</kw>
<kw name="Sleep" library="BuiltIn">
<arg>5s</arg>
<doc>Pauses the test executed for the given time.</doc>
<msg timestamp="20220706 21:23:09.612" level="INFO">Slept 5 seconds</msg>
<status status="PASS" starttime="20220706 21:23:04.604" endtime="20220706 21:23:09.612"/>
</kw>
<kw name="Input Text" library="AppiumLibrary">
<arg>${nomor_penerbangan}</arg>
<arg>${nomor}</arg>
<doc>Types the given `text` into text field identified by `locator`.</doc>
<msg timestamp="20220706 21:23:09.618" level="INFO">Typing text 'DA935' into text field 'com.example.myapplication:id/flight_number'</msg>
<status status="PASS" starttime="20220706 21:23:09.613" endtime="20220706 21:23:09.703"/>
</kw>
<kw name="Click Element" library="AppiumLibrary">
<arg>${button_search}</arg>
<doc>Click element identified by `locator`.</doc>
<msg timestamp="20220706 21:23:09.707" level="INFO">Clicking element 'com.example.myapplication:id/searchFlight'.</msg>
<status status="PASS" starttime="20220706 21:23:09.704" endtime="20220706 21:23:10.263"/>
</kw>
<kw name="Sleep" library="BuiltIn">
<arg>5s</arg>
<doc>Pauses the test executed for the given time.</doc>
<msg timestamp="20220706 21:23:15.270" level="INFO">Slept 5 seconds</msg>
<status status="PASS" starttime="20220706 21:23:10.267" endtime="20220706 21:23:15.270"/>
</kw>
<kw name="Element Should Be Visible" library="AppiumLibrary">
<arg>${results}</arg>
<doc>Verifies that element identified with locator is visible.</doc>
<status status="PASS" starttime="20220706 21:23:15.271" endtime="20220706 21:23:15.373"/>
</kw>
<status status="PASS" starttime="20220706 21:22:39.957" endtime="20220706 21:23:15.373"/>
</test>
<status status="PASS" starttime="20220706 21:22:39.765" endtime="20220706 21:23:15.375"/>
</suite>
<statistics>
<total>
<stat pass="1" fail="0" skip="0">All Tests</stat>
</total>
<tag>
</tag>
<suite>
<stat pass="1" fail="0" skip="0" id="s1" name="Search">Search</stat>
</suite>
</statistics>
<errors>
</errors>
</robot>
