<?xml version="1.0" encoding="UTF-8"?>
<robot generator="Robot 5.0.1 (Python 3.8.0 on win32)" generated="20220717 16:54:20.598" rpa="false" schemaversion="3">
<suite id="s1" name="Booking" source="D:\Automation\mobile\Mobileautomationflightapp\Suites\booking.robot">
<test id="s1-t1" name="user should be able to booking in Application" line="11">
<kw name="Open Flight Application" library="Base" type="SETUP">
<kw name="Open Application" library="AppiumLibrary">
<arg>${REMOTE_URL}</arg>
<arg>platformName=${PLATFORM_NAME}</arg>
<arg>platformVersion=${PLATFORM_VERSION}</arg>
<arg>deviceName=${DEVICE_NAME}</arg>
<arg>appActivity=${ACTIVITY_NAME}</arg>
<arg>appPackage=${PACKAGE_NAME}</arg>
<arg>automationName=UiAutomator2</arg>
<arg>newCommandTimeout=5000</arg>
<doc>Opens a new application to given Appium server.
Capabilities of appium server, Android and iOS,
Please check https://github.com/appium/appium/blob/master/docs/en/writing-running-appium/server-args.md
| *Option*            | *Man.* | *Description*     |
| remote_url          | Yes    | Appium server url |
| alias               | no     | alias             |</doc>
<status status="PASS" starttime="20220717 16:54:20.802" endtime="20220717 16:54:28.402"/>
</kw>
<status status="PASS" starttime="20220717 16:54:20.802" endtime="20220717 16:54:28.403"/>
</kw>
<kw name="User should be able to login with valid data" library="login">
<kw name="Click Element" library="AppiumLibrary">
<arg>${sigin}</arg>
<doc>Click element identified by `locator`.</doc>
<msg timestamp="20220717 16:54:28.415" level="INFO">Clicking element 'xpath=/hierarchy/android.widget.FrameLayout/android.widget.LinearLayout/android.widget.FrameLayout/android.widget.LinearLayout/android.widget.FrameLayout/android.view.ViewGroup/android.widget.Button[1]'.</msg>
<status status="PASS" starttime="20220717 16:54:28.408" endtime="20220717 16:54:29.502"/>
</kw>
<kw name="Wait Until Element Is Visible" library="AppiumLibrary">
<arg>${username}</arg>
<doc>Waits until element specified with `locator` is visible.</doc>
<status status="PASS" starttime="20220717 16:54:29.503" endtime="20220717 16:54:31.226"/>
</kw>
<kw name="Input Text" library="AppiumLibrary">
<arg>${username}</arg>
<arg>${valid_email}</arg>
<doc>Types the given `text` into text field identified by `locator`.</doc>
<msg timestamp="20220717 16:54:31.230" level="INFO">Typing text 'support@ngendigital.com' into text field 'xpath=/hierarchy/android.widget.FrameLayout/android.widget.LinearLayout/android.widget.FrameLayout/android.widget.LinearLayout/android.widget.FrameLayout/android.view.ViewGroup/android.widget.LinearLayout/android.widget.EditText[1]'</msg>
<status status="PASS" starttime="20220717 16:54:31.226" endtime="20220717 16:54:31.341"/>
</kw>
<kw name="Input Text" library="AppiumLibrary">
<arg>${password}</arg>
<arg>${valid_password}</arg>
<doc>Types the given `text` into text field identified by `locator`.</doc>
<msg timestamp="20220717 16:54:31.343" level="INFO">Typing text 'abc123' into text field 'xpath=/hierarchy/android.widget.FrameLayout/android.widget.LinearLayout/android.widget.FrameLayout/android.widget.LinearLayout/android.widget.FrameLayout/android.view.ViewGroup/android.widget.LinearLayout/android.widget.EditText[2]'</msg>
<status status="PASS" starttime="20220717 16:54:31.341" endtime="20220717 16:54:31.914"/>
</kw>
<kw name="Click Element" library="AppiumLibrary">
<arg>${button_sigin}</arg>
<doc>Click element identified by `locator`.</doc>
<msg timestamp="20220717 16:54:31.916" level="INFO">Clicking element 'com.example.myapplication:id/signIn'.</msg>
<status status="PASS" starttime="20220717 16:54:31.914" endtime="20220717 16:54:32.453"/>
</kw>
<kw name="Sleep" library="BuiltIn">
<arg>2s</arg>
<doc>Pauses the test executed for the given time.</doc>
<msg timestamp="20220717 16:54:34.456" level="INFO">Slept 2 seconds</msg>
<status status="PASS" starttime="20220717 16:54:32.453" endtime="20220717 16:54:34.456"/>
</kw>
<kw name="Element Should Be Visible" library="AppiumLibrary">
<arg>${logo}</arg>
<doc>Verifies that element identified with locator is visible.</doc>
<status status="PASS" starttime="20220717 16:54:34.456" endtime="20220717 16:54:34.540"/>
</kw>
<status status="PASS" starttime="20220717 16:54:28.406" endtime="20220717 16:54:34.540"/>
</kw>
<kw name="User tab button book" library="booking">
<kw name="Click Element" library="AppiumLibrary">
<arg>${book}</arg>
<doc>Click element identified by `locator`.</doc>
<msg timestamp="20220717 16:54:34.543" level="INFO">Clicking element 'com.example.myapplication:id/book'.</msg>
<status status="PASS" starttime="20220717 16:54:34.540" endtime="20220717 16:54:34.597"/>
</kw>
<status status="PASS" starttime="20220717 16:54:34.540" endtime="20220717 16:54:34.597"/>
</kw>
<kw name="User makes booking" library="booking">
<kw name="Wait Until Element Is Visible" library="AppiumLibrary">
<arg>${from}</arg>
<doc>Waits until element specified with `locator` is visible.</doc>
<status status="PASS" starttime="20220717 16:54:34.598" endtime="20220717 16:54:36.731"/>
</kw>
<kw name="Click Element" library="AppiumLibrary">
<arg>${from}</arg>
<doc>Click element identified by `locator`.</doc>
<msg timestamp="20220717 16:54:36.733" level="INFO">Clicking element 'com.example.myapplication:id/spinnerFrom'.</msg>
<status status="PASS" starttime="20220717 16:54:36.731" endtime="20220717 16:54:36.778"/>
</kw>
<kw name="Wait Until Element Is Visible" library="AppiumLibrary">
<arg>${newyork}</arg>
<doc>Waits until element specified with `locator` is visible.</doc>
<status status="PASS" starttime="20220717 16:54:36.778" endtime="20220717 16:54:37.749"/>
</kw>
<kw name="Click Element" library="AppiumLibrary">
<arg>${newyork}</arg>
<doc>Click element identified by `locator`.</doc>
<msg timestamp="20220717 16:54:37.750" level="INFO">Clicking element 'xpath=/hierarchy/android.widget.FrameLayout/android.widget.FrameLayout/android.widget.ListView/android.widget.TextView[1]'.</msg>
<status status="PASS" starttime="20220717 16:54:37.749" endtime="20220717 16:54:38.455"/>
</kw>
<kw name="Click Element" library="AppiumLibrary">
<arg>${to}</arg>
<doc>Click element identified by `locator`.</doc>
<msg timestamp="20220717 16:54:38.459" level="INFO">Clicking element 'com.example.myapplication:id/spinnerTo'.</msg>
<status status="PASS" starttime="20220717 16:54:38.455" endtime="20220717 16:54:38.514"/>
</kw>
<kw name="Wait Until Element Is Visible" library="AppiumLibrary">
<arg>${london}</arg>
<doc>Waits until element specified with `locator` is visible.</doc>
<status status="PASS" starttime="20220717 16:54:38.514" endtime="20220717 16:54:39.419"/>
</kw>
<kw name="Click Element" library="AppiumLibrary">
<arg>${london}</arg>
<doc>Click element identified by `locator`.</doc>
<msg timestamp="20220717 16:54:39.420" level="INFO">Clicking element 'xpath=/hierarchy/android.widget.FrameLayout/android.widget.FrameLayout/android.widget.ListView/android.widget.TextView[1]'.</msg>
<status status="PASS" starttime="20220717 16:54:39.419" endtime="20220717 16:54:40.097"/>
</kw>
<kw name="Click Element" library="AppiumLibrary">
<arg>${class}</arg>
<doc>Click element identified by `locator`.</doc>
<msg timestamp="20220717 16:54:40.102" level="INFO">Clicking element 'com.example.myapplication:id/spinnerClass'.</msg>
<status status="PASS" starttime="20220717 16:54:40.097" endtime="20220717 16:54:40.166"/>
</kw>
<kw name="Wait Until Element Is Visible" library="AppiumLibrary">
<arg>${first}</arg>
<doc>Waits until element specified with `locator` is visible.</doc>
<status status="PASS" starttime="20220717 16:54:40.166" endtime="20220717 16:54:41.090"/>
</kw>
<kw name="Click Element" library="AppiumLibrary">
<arg>${first}</arg>
<doc>Click element identified by `locator`.</doc>
<msg timestamp="20220717 16:54:41.092" level="INFO">Clicking element 'xpath=/hierarchy/android.widget.FrameLayout/android.widget.FrameLayout/android.widget.ListView/android.widget.TextView[2]'.</msg>
<status status="PASS" starttime="20220717 16:54:41.091" endtime="20220717 16:54:41.779"/>
</kw>
<kw name="Click Element" library="AppiumLibrary">
<arg>${start_date}</arg>
<doc>Click element identified by `locator`.</doc>
<msg timestamp="20220717 16:54:41.782" level="INFO">Clicking element 'com.example.myapplication:id/textStartDate'.</msg>
<status status="PASS" starttime="20220717 16:54:41.779" endtime="20220717 16:54:41.835"/>
</kw>
<kw name="Wait Until Element Is Visible" library="AppiumLibrary">
<arg>${Date}</arg>
<doc>Waits until element specified with `locator` is visible.</doc>
<status status="PASS" starttime="20220717 16:54:41.836" endtime="20220717 16:54:42.783"/>
</kw>
<kw name="Click Element" library="AppiumLibrary">
<arg>${Date}</arg>
<doc>Click element identified by `locator`.</doc>
<msg timestamp="20220717 16:54:42.786" level="INFO">Clicking element 'xpath=//android.view.View[@content-desc="14 August 2019"]'.</msg>
<status status="PASS" starttime="20220717 16:54:42.783" endtime="20220717 16:54:43.531"/>
</kw>
<kw name="Click Element" library="AppiumLibrary">
<arg>${button_date}</arg>
<doc>Click element identified by `locator`.</doc>
<msg timestamp="20220717 16:54:43.536" level="INFO">Clicking element 'android:id/button1'.</msg>
<status status="PASS" starttime="20220717 16:54:43.532" endtime="20220717 16:54:43.625"/>
</kw>
<kw name="Click Element" library="AppiumLibrary">
<arg>${flight}</arg>
<doc>Click element identified by `locator`.</doc>
<msg timestamp="20220717 16:54:43.627" level="INFO">Clicking element 'com.example.myapplication:id/radioButtonFlight'.</msg>
<status status="PASS" starttime="20220717 16:54:43.625" endtime="20220717 16:54:44.201"/>
</kw>
<kw name="Click Element" library="AppiumLibrary">
<arg>${button_book}</arg>
<doc>Click element identified by `locator`.</doc>
<msg timestamp="20220717 16:54:44.203" level="INFO">Clicking element 'com.example.myapplication:id/book_flight'.</msg>
<status status="PASS" starttime="20220717 16:54:44.201" endtime="20220717 16:54:44.754"/>
</kw>
<status status="PASS" starttime="20220717 16:54:34.597" endtime="20220717 16:54:44.754"/>
</kw>
<kw name="User choose price" library="booking">
<kw name="Wait Until Element Is Visible" library="AppiumLibrary">
<arg>${price}</arg>
<doc>Waits until element specified with `locator` is visible.</doc>
<status status="PASS" starttime="20220717 16:54:44.755" endtime="20220717 16:54:45.899"/>
</kw>
<kw name="Click Element" library="AppiumLibrary">
<arg>${price}</arg>
<doc>Click element identified by `locator`.</doc>
<msg timestamp="20220717 16:54:45.903" level="INFO">Clicking element 'com.example.myapplication:id/price2'.</msg>
<status status="PASS" starttime="20220717 16:54:45.899" endtime="20220717 16:54:45.958"/>
</kw>
<kw name="Click Element" library="AppiumLibrary">
<arg>${confrim}</arg>
<doc>Click element identified by `locator`.</doc>
<msg timestamp="20220717 16:54:45.963" level="INFO">Clicking element 'com.example.myapplication:id/confirm_order'.</msg>
<status status="PASS" starttime="20220717 16:54:45.959" endtime="20220717 16:54:46.611"/>
</kw>
<status status="PASS" starttime="20220717 16:54:44.754" endtime="20220717 16:54:46.611"/>
</kw>
<kw name="Verity booking success" library="booking">
<kw name="Wait Until Element Is Visible" library="AppiumLibrary">
<arg>${ticket}</arg>
<doc>Waits until element specified with `locator` is visible.</doc>
<status status="PASS" starttime="20220717 16:54:46.611" endtime="20220717 16:54:47.633"/>
</kw>
<kw name="Element Should Be Visible" library="AppiumLibrary">
<arg>${ticket}</arg>
<doc>Verifies that element identified with locator is visible.</doc>
<status status="PASS" starttime="20220717 16:54:47.633" endtime="20220717 16:54:47.678"/>
</kw>
<status status="PASS" starttime="20220717 16:54:46.611" endtime="20220717 16:54:47.678"/>
</kw>
<kw name="Close Application" library="AppiumLibrary" type="TEARDOWN">
<doc>Closes the current application and also close webdriver session.</doc>
<status status="PASS" starttime="20220717 16:54:47.678" endtime="20220717 16:54:48.058"/>
</kw>
<status status="PASS" starttime="20220717 16:54:20.801" endtime="20220717 16:54:48.060"/>
</test>
<doc>booking testcase</doc>
<status status="PASS" starttime="20220717 16:54:20.599" endtime="20220717 16:54:48.061"/>
</suite>
<statistics>
<total>
<stat pass="1" fail="0" skip="0">All Tests</stat>
</total>
<tag>
</tag>
<suite>
<stat pass="1" fail="0" skip="0" id="s1" name="Booking">Booking</stat>
</suite>
</statistics>
<errors>
</errors>
</robot>
