<?xml version="1.0" encoding="UTF-8"?>
<robot generator="Robot 5.0.1 (Python 3.8.0 on win32)" generated="20220713 17:15:11.105" rpa="false" schemaversion="3">
<suite id="s1" name="Login" source="C:\Users\Wahyu Nugraha\Documents\mobile\Mobileautomationflightapp\suites\login.robot">
<test id="s1-t1" name="user login" line="8">
<kw name="Open Flight Application" library="Base" type="SETUP">
<kw name="Open Application" library="AppiumLibrary">
<arg>${REMOTE_URL}</arg>
<arg>platformName=${PLATFORM_NAME}</arg>
<arg>platformVersion=${PLATFORM_VERSION}</arg>
<arg>deviceName=${DEVICE_NAME}</arg>
<arg>appActivity=${ACTIVITY_NAME}</arg>
<arg>appPackage=${PACKAGE_NAME}</arg>
<arg>automationName=UiAutomator2</arg>
<arg>newCommandTimeout=5000</arg>
<doc>Opens a new application to given Appium server.
Capabilities of appium server, Android and iOS,
Please check https://github.com/appium/appium/blob/master/docs/en/writing-running-appium/server-args.md
| *Option*            | *Man.* | *Description*     |
| remote_url          | Yes    | Appium server url |
| alias               | no     | alias             |</doc>
<status status="PASS" starttime="20220713 17:15:11.357" endtime="20220713 17:15:22.658"/>
</kw>
<status status="PASS" starttime="20220713 17:15:11.357" endtime="20220713 17:15:22.659"/>
</kw>
<kw name="User should be able to login" library="login">
<kw name="Click Element" library="AppiumLibrary">
<arg>${sigin}</arg>
<doc>Click element identified by `locator`.</doc>
<msg timestamp="20220713 17:15:22.672" level="INFO">Clicking element 'xpath=/hierarchy/android.widget.FrameLayout/android.widget.LinearLayout/android.widget.FrameLayout/android.widget.LinearLayout/android.widget.FrameLayout/android.view.ViewGroup/android.widget.Button[1]'.</msg>
<status status="PASS" starttime="20220713 17:15:22.668" endtime="20220713 17:15:23.728"/>
</kw>
<kw name="Sleep" library="BuiltIn">
<arg>3s</arg>
<doc>Pauses the test executed for the given time.</doc>
<msg timestamp="20220713 17:15:26.737" level="INFO">Slept 3 seconds</msg>
<status status="PASS" starttime="20220713 17:15:23.728" endtime="20220713 17:15:26.737"/>
</kw>
<kw name="Input Text" library="AppiumLibrary">
<arg>${username}</arg>
<arg>${valid_email}</arg>
<doc>Types the given `text` into text field identified by `locator`.</doc>
<msg timestamp="20220713 17:15:26.740" level="INFO">Typing text 'support@ngendigital.com' into text field 'xpath=/hierarchy/android.widget.FrameLayout/android.widget.LinearLayout/android.widget.FrameLayout/android.widget.LinearLayout/android.widget.FrameLayout/android.view.ViewGroup/android.widget.LinearLayout/android.widget.EditText[1]'</msg>
<status status="PASS" starttime="20220713 17:15:26.737" endtime="20220713 17:15:26.907"/>
</kw>
<kw name="Input Text" library="AppiumLibrary">
<arg>${password1}</arg>
<arg>${valid_password}</arg>
<doc>Types the given `text` into text field identified by `locator`.</doc>
<msg timestamp="20220713 17:15:26.911" level="INFO">Typing text 'abc123' into text field 'xpath=/hierarchy/android.widget.FrameLayout/android.widget.LinearLayout/android.widget.FrameLayout/android.widget.LinearLayout/android.widget.FrameLayout/android.view.ViewGroup/android.widget.LinearLayout/android.widget.EditText[2]'</msg>
<status status="PASS" starttime="20220713 17:15:26.907" endtime="20220713 17:15:27.434"/>
</kw>
<kw name="Click Element" library="AppiumLibrary">
<arg>${button_sigin}</arg>
<doc>Click element identified by `locator`.</doc>
<msg timestamp="20220713 17:15:27.437" level="INFO">Clicking element 'com.example.myapplication:id/signIn'.</msg>
<status status="PASS" starttime="20220713 17:15:27.434" endtime="20220713 17:15:27.963"/>
</kw>
<kw name="Sleep" library="BuiltIn">
<arg>5s</arg>
<doc>Pauses the test executed for the given time.</doc>
<msg timestamp="20220713 17:15:32.970" level="INFO">Slept 5 seconds</msg>
<status status="PASS" starttime="20220713 17:15:27.963" endtime="20220713 17:15:32.970"/>
</kw>
<status status="PASS" starttime="20220713 17:15:22.665" endtime="20220713 17:15:32.970"/>
</kw>
<kw name="Verity User Login" library="login">
<kw name="Element Should Be Visible" library="AppiumLibrary">
<arg>${logo}</arg>
<doc>Verifies that element identified with locator is visible.</doc>
<status status="PASS" starttime="20220713 17:15:32.972" endtime="20220713 17:15:33.064"/>
</kw>
<status status="PASS" starttime="20220713 17:15:32.971" endtime="20220713 17:15:33.064"/>
</kw>
<kw name="Close Application" library="AppiumLibrary" type="TEARDOWN">
<doc>Closes the current application and also close webdriver session.</doc>
<status status="PASS" starttime="20220713 17:15:33.065" endtime="20220713 17:15:34.554"/>
</kw>
<status status="PASS" starttime="20220713 17:15:11.356" endtime="20220713 17:15:34.555"/>
</test>
<doc>Login testcase</doc>
<status status="PASS" starttime="20220713 17:15:11.107" endtime="20220713 17:15:34.557"/>
</suite>
<statistics>
<total>
<stat pass="1" fail="0" skip="0">All Tests</stat>
</total>
<tag>
</tag>
<suite>
<stat pass="1" fail="0" skip="0" id="s1" name="Login">Login</stat>
</suite>
</statistics>
<errors>
</errors>
</robot>
